<?xml version="1.0" encoding="UTF-8"?>
<!-- Generated by org.testng.reporters.JUnitXMLReporter -->
<testsuite ignored="2" hostname="LAPTOP-AFQPLSSL" failures="0" tests="0" time="0.013" errors="0" timestamp="2024-10-26T19:27:13 IST">
  <testcase classname="Practice.saucedemo.tests.ErrorValidation" name="Productvalidation" time="0.0">
    <ignored/>
  </testcase> <!-- Productvalidation -->
  <testcase classname="Practice.saucedemo.tests.ErrorValidation" name="StandaloneTest" time="0.0">
    <ignored/>
  </testcase> <!-- StandaloneTest -->
</testsuite>
