<?xml version="1.0" encoding="UTF-8"?>
<!-- Generated by org.testng.reporters.JUnitXMLReporter -->
<testsuite ignored="0" hostname="LAPTOP-AFQPLSSL" failures="0" tests="2" name="Submit order Smoke test" time="9.179" errors="0" timestamp="2024-08-04T15:55:11 IST">
  <testcase classname="Practice.saucedemo.tests.StandaloneTest" name="StandaloneTest" time="2.365"/>
  <testcase classname="Practice.saucedemo.tests.StandaloneTest" name="StandaloneTest" time="0.001">
    <skipped/>
  </testcase> <!-- StandaloneTest -->
</testsuite> <!-- Submit order Smoke test -->
