<?xml version="1.0" encoding="UTF-8"?>
<testng-results ignored="3" total="3" passed="0" failed="0" skipped="0">
  <reporter-output>
  </reporter-output>
  <suite started-at="2024-10-26T19:27:13 IST" name="Suite" finished-at="2024-10-26T19:27:13 IST" duration-ms="13">
    <groups>
    </groups>
    <test started-at="2024-10-26T19:27:13 IST" name="Submit order Smoke test" finished-at="2024-10-26T19:27:13 IST" duration-ms="13">
    </test> <!-- Submit order Smoke test -->
    <test started-at="2024-10-26T19:27:13 IST" name="Error validation Test" finished-at="2024-10-26T19:27:13 IST" duration-ms="13">
    </test> <!-- Error validation Test -->
  </suite> <!-- Suite -->
</testng-results>
